Determining if the function gethrtime exists failed with the following output:
Change Dir: /home/predator/Documents/Project/temp/libcouchbase/CMakeFiles/CMakeTmp

Run Build Command:"/usr/bin/make" "cmTC_9af7b/fast"
/usr/bin/make -f CMakeFiles/cmTC_9af7b.dir/build.make CMakeFiles/cmTC_9af7b.dir/build
make[1]: Entering directory '/home/predator/Documents/Project/temp/libcouchbase/CMakeFiles/CMakeTmp'
Building C object CMakeFiles/cmTC_9af7b.dir/CheckFunctionExists.c.o
/usr/bin/cc    -fno-strict-aliasing -pthread -DCHECK_FUNCTION_EXISTS=gethrtime   -o CMakeFiles/cmTC_9af7b.dir/CheckFunctionExists.c.o   -c /usr/share/cmake-3.5/Modules/CheckFunctionExists.c
Linking C executable cmTC_9af7b
/usr/bin/cmake -E cmake_link_script CMakeFiles/cmTC_9af7b.dir/link.txt --verbose=1
/usr/bin/cc   -fno-strict-aliasing -pthread -DCHECK_FUNCTION_EXISTS=gethrtime    CMakeFiles/cmTC_9af7b.dir/CheckFunctionExists.c.o  -o cmTC_9af7b -rdynamic 
CMakeFiles/cmTC_9af7b.dir/CheckFunctionExists.c.o: In function `main':
CheckFunctionExists.c:(.text+0x15): undefined reference to `gethrtime'
collect2: error: ld returned 1 exit status
CMakeFiles/cmTC_9af7b.dir/build.make:97: recipe for target 'cmTC_9af7b' failed
make[1]: *** [cmTC_9af7b] Error 1
make[1]: Leaving directory '/home/predator/Documents/Project/temp/libcouchbase/CMakeFiles/CMakeTmp'
Makefile:126: recipe for target 'cmTC_9af7b/fast' failed
make: *** [cmTC_9af7b/fast] Error 2


Determining if the htonll exist failed with the following output:
Change Dir: /home/predator/Documents/Project/temp/libcouchbase/CMakeFiles/CMakeTmp

Run Build Command:"/usr/bin/make" "cmTC_25dc9/fast"
/usr/bin/make -f CMakeFiles/cmTC_25dc9.dir/build.make CMakeFiles/cmTC_25dc9.dir/build
make[1]: Entering directory '/home/predator/Documents/Project/temp/libcouchbase/CMakeFiles/CMakeTmp'
Building C object CMakeFiles/cmTC_25dc9.dir/CheckSymbolExists.c.o
/usr/bin/cc    -fno-strict-aliasing -pthread    -o CMakeFiles/cmTC_25dc9.dir/CheckSymbolExists.c.o   -c /home/predator/Documents/Project/temp/libcouchbase/CMakeFiles/CMakeTmp/CheckSymbolExists.c
/home/predator/Documents/Project/temp/libcouchbase/CMakeFiles/CMakeTmp/CheckSymbolExists.c: In function ‘main’:
/home/predator/Documents/Project/temp/libcouchbase/CMakeFiles/CMakeTmp/CheckSymbolExists.c:8:19: error: ‘htonll’ undeclared (first use in this function)
   return ((int*)(&htonll))[argc];
                   ^
/home/predator/Documents/Project/temp/libcouchbase/CMakeFiles/CMakeTmp/CheckSymbolExists.c:8:19: note: each undeclared identifier is reported only once for each function it appears in
CMakeFiles/cmTC_25dc9.dir/build.make:65: recipe for target 'CMakeFiles/cmTC_25dc9.dir/CheckSymbolExists.c.o' failed
make[1]: *** [CMakeFiles/cmTC_25dc9.dir/CheckSymbolExists.c.o] Error 1
make[1]: Leaving directory '/home/predator/Documents/Project/temp/libcouchbase/CMakeFiles/CMakeTmp'
Makefile:126: recipe for target 'cmTC_25dc9/fast' failed
make: *** [cmTC_25dc9/fast] Error 2

File /home/predator/Documents/Project/temp/libcouchbase/CMakeFiles/CMakeTmp/CheckSymbolExists.c:
/* */
#include <arpa/inet.h>

int main(int argc, char** argv)
{
  (void)argv;
#ifndef htonll
  return ((int*)(&htonll))[argc];
#else
  (void)argc;
  return 0;
#endif
}

